<?xml version="1.0" encoding="UTF-8"?>
<testng-results ignored="0" total="1" passed="1" failed="0" skipped="0">
  <reporter-output>
  </reporter-output>
  <suite started-at="2026-03-29T19:40:31 IST" name="Default suite" finished-at="2026-03-29T19:40:57 IST" duration-ms="26207">
    <groups>
    </groups>
    <test started-at="2026-03-29T19:40:31 IST" name="Default test" finished-at="2026-03-29T19:40:57 IST" duration-ms="26207">
      <class name="windowhandling.WindowHandlingTest">
        <test-method is-config="true" signature="setUp()[pri:0, instance:windowhandling.WindowHandlingTest@77c2494c]" started-at="2026-03-29T19:40:31 IST" name="setUp" finished-at="2026-03-29T19:40:54 IST" duration-ms="22687" status="PASS">
          <reporter-output>
          </reporter-output>
        </test-method> <!-- setUp -->
        <test-method signature="windowHandlingTest()[pri:0, instance:windowhandling.WindowHandlingTest@77c2494c]" started-at="2026-03-29T19:40:54 IST" name="windowHandlingTest" finished-at="2026-03-29T19:40:57 IST" duration-ms="2744" status="PASS">
          <reporter-output>
          </reporter-output>
        </test-method> <!-- windowHandlingTest -->
        <test-method is-config="true" signature="tearDown()[pri:0, instance:windowhandling.WindowHandlingTest@77c2494c]" started-at="2026-03-29T19:40:57 IST" name="tearDown" finished-at="2026-03-29T19:40:57 IST" duration-ms="635" status="PASS">
          <reporter-output>
          </reporter-output>
        </test-method> <!-- tearDown -->
      </class> <!-- windowhandling.WindowHandlingTest -->
    </test> <!-- Default test -->
  </suite> <!-- Default suite -->
</testng-results>
