<?xml version="1.0" encoding="UTF-8"?>
<!-- Generated by org.testng.reporters.JUnitReportReporter -->
<testsuite hostname="LAPTOP-IHF5RI3G" failures="0" tests="5" name="cookies.CookiesHandlingTest" time="0.190" errors="0" timestamp="2026-03-29T12:52:18 IST" skipped="0">
  <testcase classname="cookies.CookiesHandlingTest" name="getAllCookies" time="0.039"/>
  <testcase classname="cookies.CookiesHandlingTest" name="getSpecificCookie" time="0.030"/>
  <testcase classname="cookies.CookiesHandlingTest" name="addCookie" time="0.039"/>
  <testcase classname="cookies.CookiesHandlingTest" name="deleteCookie" time="0.036"/>
  <testcase classname="cookies.CookiesHandlingTest" name="deleteAllCookies" time="0.046"/>
</testsuite> <!-- cookies.CookiesHandlingTest -->
