<?xml version="1.0" encoding="UTF-8"?>
<!-- Generated by org.testng.reporters.JUnitReportReporter -->
<testsuite hostname="LAPTOP-IHF5RI3G" failures="0" tests="3" name="waits.WaitsTest" time="10.000" errors="0" timestamp="2026-03-29T13:03:04 IST" skipped="0">
  <testcase classname="waits.WaitsTest" name="implicitWaitTest" time="4.317"/>
  <testcase classname="waits.WaitsTest" name="explicitWaitTest" time="2.934"/>
  <testcase classname="waits.WaitsTest" name="fluentWaitTest" time="2.749"/>
</testsuite> <!-- waits.WaitsTest -->
