<?xml version="1.0" encoding="UTF-8"?>
<!-- Generated by org.testng.reporters.JUnitReportReporter -->
<testsuite hostname="LAPTOP-IHF5RI3G" failures="0" tests="3" name="filehandling.FileHandlingTest" time="34.717" errors="0" timestamp="2026-03-29T12:55:08 IST" skipped="0">
  <testcase classname="filehandling.FileHandlingTest" name="uploadUsingSendKeys" time="27.930"/>
  <testcase classname="filehandling.FileHandlingTest" name="uploadUsingRobot" time="1.110"/>
  <testcase classname="filehandling.FileHandlingTest" name="fileDownload" time="5.677"/>
</testsuite> <!-- filehandling.FileHandlingTest -->
