<?xml version="1.0" encoding="UTF-8"?>
<!-- Generated by org.testng.reporters.JUnitReportReporter -->
<testsuite hostname="LAPTOP-IHF5RI3G" failures="0" tests="5" name="javascript.JavaScriptExecutorTest" time="6.177" errors="0" timestamp="2026-03-29T12:58:27 IST" skipped="0">
  <testcase classname="javascript.JavaScriptExecutorTest" name="scrollPage" time="2.036"/>
  <testcase classname="javascript.JavaScriptExecutorTest" name="scrollToElement" time="2.044"/>
  <testcase classname="javascript.JavaScriptExecutorTest" name="clickUsingJS" time="0.047"/>
  <testcase classname="javascript.JavaScriptExecutorTest" name="sendKeysUsingJS" time="0.022"/>
  <testcase classname="javascript.JavaScriptExecutorTest" name="highlightElement" time="2.028"/>
</testsuite> <!-- javascript.JavaScriptExecutorTest -->
