<?xml version="1.0" encoding="UTF-8"?>
<!-- Generated by org.testng.reporters.JUnitReportReporter -->
<testsuite hostname="LAPTOP-IHF5RI3G" failures="0" tests="2" name="testngannotations.TestNGAnnotationsTest" time="0.014" errors="0" timestamp="2026-03-29T13:02:08 IST" skipped="0">
  <testcase classname="testngannotations.TestNGAnnotationsTest" name="test1" time="0.009"/>
  <testcase classname="testngannotations.TestNGAnnotationsTest" name="test2" time="0.005"/>
</testsuite> <!-- testngannotations.TestNGAnnotationsTest -->
