<?xml version="1.0" encoding="UTF-8"?>
<!-- Generated by org.testng.reporters.JUnitReportReporter -->
<testsuite hostname="LAPTOP-IHF5RI3G" failures="0" tests="13" name="testngfeatures.TestNGFeaturesTest" time="0.031" errors="0" timestamp="2026-03-19T15:56:25 IST" skipped="1">
  <testcase classname="testngfeatures.TestNGFeaturesTest" name="repeatTest" time="0.002"/>
  <testcase classname="testngfeatures.TestNGFeaturesTest" name="repeatTest" time="0.001"/>
  <testcase classname="testngfeatures.TestNGFeaturesTest" name="startServer" time="0.003"/>
  <testcase classname="testngfeatures.TestNGFeaturesTest" name="runTest" time="0.002"/>
  <testcase classname="testngfeatures.TestNGFeaturesTest" name="repeatTest" time="0.001"/>
  <testcase classname="testngfeatures.TestNGFeaturesTest" name="regressionTest" time="0.010"/>
  <testcase classname="testngfeatures.TestNGFeaturesTest" name="stopServer" time="0.002"/>
  <testcase classname="testngfeatures.TestNGFeaturesTest" name="smokeTest1" time="0.002"/>
  <testcase classname="testngfeatures.TestNGFeaturesTest" name="smokeTest2" time="0.002"/>
  <testcase classname="testngfeatures.TestNGFeaturesTest" name="login" time="0.001"/>
  <testcase classname="testngfeatures.TestNGFeaturesTest" name="dashboard" time="0.003"/>
  <testcase classname="testngfeatures.TestNGFeaturesTest" name="logout" time="0.002"/>
  <testcase classname="testngfeatures.TestNGFeaturesTest" name="skippedTest">
    <skipped/>
  </testcase> <!-- skippedTest -->
</testsuite> <!-- testngfeatures.TestNGFeaturesTest -->
