<?xml version="1.0" encoding="UTF-8"?>
<!-- Generated by org.testng.reporters.JUnitReportReporter -->
<testsuite hostname="LAPTOP-IHF5RI3G" failures="0" tests="3" name="network.NetworkResponseTest" time="43.842" errors="0" timestamp="2026-03-29T13:00:18 IST" skipped="0">
  <testcase classname="network.NetworkResponseTest" name="getResponseCode" time="0.923"/>
  <testcase classname="network.NetworkResponseTest" name="verifyCurrentURL" time="0.016"/>
  <testcase classname="network.NetworkResponseTest" name="checkBrokenLinks" time="42.903"/>
</testsuite> <!-- network.NetworkResponseTest -->
