<?xml version="1.0" encoding="UTF-8"?>
<!-- Generated by org.testng.reporters.JUnitReportReporter -->
<testsuite hostname="LAPTOP-IHF5RI3G" failures="0" tests="6" name="actions.ActionsTest" time="2.134" errors="0" timestamp="2026-03-29T12:49:46 IST" skipped="0">
  <testcase classname="actions.ActionsTest" name="keyboardActionsTest" time="0.249"/>
  <testcase classname="actions.ActionsTest" name="mouseHoverTest" time="0.200"/>
  <testcase classname="actions.ActionsTest" name="rightClickTest" time="0.207"/>
  <testcase classname="actions.ActionsTest" name="dragAndDropTest" time="0.342"/>
  <testcase classname="actions.ActionsTest" name="robotClassTest" time="0.622"/>
  <testcase classname="actions.ActionsTest" name="doubleClickTest" time="0.514"/>
</testsuite> <!-- actions.ActionsTest -->
