<?xml version="1.0" encoding="UTF-8"?>
<!-- Generated by org.testng.reporters.JUnitReportReporter -->
<testsuite hostname="LAPTOP-IHF5RI3G" failures="0" tests="3" name="screenshots.ScreenshotTest" time="0.507" errors="0" timestamp="2026-03-29T13:04:00 IST" skipped="0">
  <testcase classname="screenshots.ScreenshotTest" name="elementScreenshot" time="0.193"/>
  <testcase classname="screenshots.ScreenshotTest" name="timestampScreenshot" time="0.150"/>
  <testcase classname="screenshots.ScreenshotTest" name="fullPageScreenshot" time="0.164"/>
</testsuite> <!-- screenshots.ScreenshotTest -->
