<?xml version="1.0" encoding="UTF-8"?>
<!-- Generated by org.testng.reporters.JUnitReportReporter -->
<testsuite hostname="LAPTOP-IHF5RI3G" failures="0" tests="4" name="tables.WebTableTest" time="1.122" errors="0" timestamp="2026-03-29T13:01:42 IST" skipped="0">
  <testcase classname="tables.WebTableTest" name="countRowsColumns" time="0.071"/>
  <testcase classname="tables.WebTableTest" name="getCellData" time="0.071"/>
  <testcase classname="tables.WebTableTest" name="printAllData" time="0.801"/>
  <testcase classname="tables.WebTableTest" name="findBookByAuthor" time="0.179"/>
</testsuite> <!-- tables.WebTableTest -->
