<?xml version="1.0" encoding="UTF-8"?>
<!-- Generated by org.testng.reporters.JUnitReportReporter -->
<testsuite hostname="LAPTOP-IHF5RI3G" failures="0" tests="3" name="dropdownhandling.DropdownHandlingTest" time="45.817" errors="0" timestamp="2026-03-29T12:54:12 IST" skipped="0">
  <testcase classname="dropdownhandling.DropdownHandlingTest" name="selectDropdownTest" time="30.111"/>
  <testcase classname="dropdownhandling.DropdownHandlingTest" name="multiSelectDropdownTest" time="5.597"/>
  <testcase classname="dropdownhandling.DropdownHandlingTest" name="customDropdownTest" time="10.109"/>
</testsuite> <!-- dropdownhandling.DropdownHandlingTest -->
