<?xml version="1.0" encoding="UTF-8"?>
<!-- Generated by org.testng.reporters.JUnitReportReporter -->
<testsuite hostname="LAPTOP-IHF5RI3G" failures="0" tests="3" name="alerts.AlertsTest" time="0.459" errors="0" timestamp="2026-03-29T12:50:03 IST" skipped="0">
  <testcase classname="alerts.AlertsTest" name="confirmAlertTest" time="0.200"/>
  <testcase classname="alerts.AlertsTest" name="simpleAlertTest" time="0.118"/>
  <testcase classname="alerts.AlertsTest" name="promptAlertTest" time="0.141"/>
</testsuite> <!-- alerts.AlertsTest -->
